<?xml version="1.0" encoding="UTF-8"?>
<testsuite name="SolutionTest" tests="2" skipped="0" failures="0" errors="0" timestamp="2022-06-20T05:08:57" hostname="yuanyu-ubuntu" time="0.044">
  <properties/>
  <testcase name="findRedundantConnectionExample1()" classname="SolutionTest" time="0.042"/>
  <testcase name="findRedundantConnectionExample2()" classname="SolutionTest" time="0.001"/>
  <system-out><![CDATA[]]></system-out>
  <system-err><![CDATA[]]></system-err>
</testsuite>
